<?xml version="1.0" encoding="UTF-8"?>
<testsuite name="datastructure.heap.lastStoneWeight.LastStoneWeightTest" tests="4" skipped="0" failures="0" errors="0" timestamp="2019-06-26T09:59:01" hostname="DESKTOP-5RFR6J8" time="0.005">
  <properties/>
  <testcase name="priorityQueue_test" classname="datastructure.heap.lastStoneWeight.LastStoneWeightTest" time="0.003"/>
  <testcase name="arrayCopy" classname="datastructure.heap.lastStoneWeight.LastStoneWeightTest" time="0.0"/>
  <testcase name="lastStoneWeight_test" classname="datastructure.heap.lastStoneWeight.LastStoneWeightTest" time="0.0"/>
  <testcase name="improvedVersion_test" classname="datastructure.heap.lastStoneWeight.LastStoneWeightTest" time="0.001"/>
  <system-out><![CDATA[[1, 2, 5, 10, 6]
[4, 8, 7, 3, 5]
[4, 8, 7]
]]></system-out>
  <system-err><![CDATA[]]></system-err>
</testsuite>
